<?xml version="1.0" encoding="UTF-8"?><testsuite errors="0" failures="1" name="utest page registration" skipped="0" tests="1" time="73.23" timestamp="2021-11-19 10:49:51"><testcase name="register on the platform"><failure message="Expected answer&#10;Expected: is &lt;true&gt;&#10;     but: was &lt;false&gt;" type="java.lang.AssertionError">Expected answer
Expected: is &lt;true&gt;
     but: was &lt;false&gt;</failure><system-err>Expected answer
Expected: is &lt;true&gt;
     but: was &lt;false&gt;&#13;
co.com.choucair.certification.proyectobase.stepdefinitions.uteststepdefinitions.youMustEnterTheInformationRequestedThereToMakeTheSuccessfulRegistration(uteststepdefinitions.java:36)&#13;
âœ½.You must enter the information requested there to make the successful registration(src/test/resources/features/utestautomation.feature:9)&#13;
</system-err></testcase></testsuite>